<?xml version="1.0" encoding="UTF-8"?>
<!-- Generated by org.testng.reporters.JUnitReportReporter -->
<testsuite hostname="Lenovo-PC" failures="0" tests="1" name="tests.searchapartment.SearchApartmentTest" time="7.149" errors="0" timestamp="2022-06-15T00:27:17 NOVT" skipped="0">
  <testcase classname="tests.searchapartment.SearchApartmentTest" name="checkIsRedirectToListing" time="7.149"/>
  <system-out/>
</testsuite> <!-- tests.searchapartment.SearchApartmentTest -->
